

Microchip MPLAB XC8 Assembler V2.40 build 20220703182018 
                                                                                               Fri Aug 11 00:07:06 2023

Microchip MPLAB XC8 C Compiler v2.40 (Free license) build 20220703182018 Og1 
     1                           	processor	16F887
     2                           	pagewidth 120
     3                           	opt	flic
     4                           	psect	idataBANK0,global,class=CODE,delta=2,noexec
     5                           	psect	cinit,global,class=CODE,merge=1,delta=2
     6                           	psect	bssCOMMON,global,class=COMMON,space=1,delta=1,noexec
     7                           	psect	bssBANK0,global,class=BANK0,space=1,delta=1,noexec
     8                           	psect	dataBANK0,global,class=BANK0,space=1,delta=1,noexec
     9                           	psect	cstackCOMMON,global,class=COMMON,space=1,delta=1,noexec
    10                           	psect	cstackBANK0,global,class=BANK0,space=1,delta=1,noexec
    11                           	psect	maintext,global,class=CODE,split=1,delta=2
    12                           	psect	text1,local,class=CODE,merge=1,delta=2
    13                           	psect	text2,local,class=CODE,merge=1,delta=2
    14                           	psect	text3,local,class=CODE,merge=1,delta=2
    15                           	psect	text4,local,class=CODE,merge=1,delta=2
    16                           	psect	text5,local,class=CODE,merge=1,delta=2
    17                           	psect	intentry,global,class=CODE,delta=2
    18                           	psect	text6,local,class=CODE,merge=1,delta=2
    19                           	psect	text7,local,class=CODE,merge=1,delta=2
    20                           	psect	idloc,global,abs,ovrld,class=IDLOC,space=5,delta=2,noexec
    21                           	psect	config,global,abs,ovrld,class=CONFIG,space=4,delta=2,noexec
    22                           	dabs	1,0x7E,2
    23     0000                     
    24                           ; Version 2.40
    25                           ; Generated 17/11/2021 GMT
    26                           ; 
    27                           ; Copyright © 2021, Microchip Technology Inc. and its subsidiaries ("Microchip")
    28                           ; All rights reserved.
    29                           ; 
    30                           ; This software is developed by Microchip Technology Inc. and its subsidiaries ("Microch
      +                          ip").
    31                           ; 
    32                           ; Redistribution and use in source and binary forms, with or without modification, are
    33                           ; permitted provided that the following conditions are met:
    34                           ; 
    35                           ;     1. Redistributions of source code must retain the above copyright notice, this lis
      +                          t of
    36                           ;        conditions and the following disclaimer.
    37                           ; 
    38                           ;     2. Redistributions in binary form must reproduce the above copyright notice, this 
      +                          list
    39                           ;        of conditions and the following disclaimer in the documentation and/or other
    40                           ;        materials provided with the distribution. Publication is not required when
    41                           ;        this file is used in an embedded application.
    42                           ; 
    43                           ;     3. Microchip's name may not be used to endorse or promote products derived from th
      +                          is
    44                           ;        software without specific prior written permission.
    45                           ; 
    46                           ; THIS SOFTWARE IS PROVIDED BY MICROCHIP "AS IS" AND ANY EXPRESS OR IMPLIED WARRANTIES,
    47                           ; INCLUDING, BUT NOT LIMITED TO, THE IMPLIED WARRANTIES OF MERCHANTABILITY AND FITNESS F
      +                          OR
    48                           ; PURPOSE ARE DISCLAIMED.  IN NO EVENT SHALL MICROCHIP BE LIABLE FOR ANY DIRECT, INDIREC
      +                          T,
    49                           ; INCIDENTAL, SPECIAL, EXEMPLARY, OR CONSEQUENTIAL DAMAGES (INCLUDING BUT NOT LIMITED TO
    50                           ; PROCUREMENT OF SUBSTITUTE GOODS OR SERVICES; LOSS OF USE, DATA OR PROFITS; OR BUSINESS
    51                           ; INTERRUPTION) HOWSOEVER CAUSED AND ON ANY THEORY OF LIABILITY, WHETHER IN CONTRACT, ST
      +                          RICT
    52                           ; LIABILITY, OR TORT (INCLUDING NEGLIGENCE OR OTHERWISE) ARISING IN ANY WAY OUT OF THE U
      +                          SE OF
    53                           ; THIS SOFTWARE, EVEN IF ADVISED OF THE POSSIBILITY OF SUCH DAMAGE.
    54                           ; 
    55                           ; 
    56                           ; Code-generator required, PIC16F887 Definitions
    57                           ; 
    58                           ; SFR Addresses
    59     0000                     	;# 
    60     0001                     	;# 
    61     0002                     	;# 
    62     0003                     	;# 
    63     0004                     	;# 
    64     0005                     	;# 
    65     0006                     	;# 
    66     0007                     	;# 
    67     0008                     	;# 
    68     0009                     	;# 
    69     000A                     	;# 
    70     000B                     	;# 
    71     000C                     	;# 
    72     000D                     	;# 
    73     000E                     	;# 
    74     000E                     	;# 
    75     000F                     	;# 
    76     0010                     	;# 
    77     0011                     	;# 
    78     0012                     	;# 
    79     0013                     	;# 
    80     0014                     	;# 
    81     0015                     	;# 
    82     0015                     	;# 
    83     0016                     	;# 
    84     0017                     	;# 
    85     0018                     	;# 
    86     0019                     	;# 
    87     001A                     	;# 
    88     001B                     	;# 
    89     001B                     	;# 
    90     001C                     	;# 
    91     001D                     	;# 
    92     001E                     	;# 
    93     001F                     	;# 
    94     0081                     	;# 
    95     0085                     	;# 
    96     0086                     	;# 
    97     0087                     	;# 
    98     0088                     	;# 
    99     0089                     	;# 
   100     008C                     	;# 
   101     008D                     	;# 
   102     008E                     	;# 
   103     008F                     	;# 
   104     0090                     	;# 
   105     0091                     	;# 
   106     0092                     	;# 
   107     0093                     	;# 
   108     0093                     	;# 
   109     0093                     	;# 
   110     0094                     	;# 
   111     0095                     	;# 
   112     0096                     	;# 
   113     0097                     	;# 
   114     0098                     	;# 
   115     0099                     	;# 
   116     009A                     	;# 
   117     009B                     	;# 
   118     009C                     	;# 
   119     009D                     	;# 
   120     009E                     	;# 
   121     009F                     	;# 
   122     0105                     	;# 
   123     0107                     	;# 
   124     0108                     	;# 
   125     0109                     	;# 
   126     010C                     	;# 
   127     010C                     	;# 
   128     010D                     	;# 
   129     010E                     	;# 
   130     010F                     	;# 
   131     0185                     	;# 
   132     0187                     	;# 
   133     0188                     	;# 
   134     0189                     	;# 
   135     018C                     	;# 
   136     018D                     	;# 
   137     0000                     	;# 
   138     0001                     	;# 
   139     0002                     	;# 
   140     0003                     	;# 
   141     0004                     	;# 
   142     0005                     	;# 
   143     0006                     	;# 
   144     0007                     	;# 
   145     0008                     	;# 
   146     0009                     	;# 
   147     000A                     	;# 
   148     000B                     	;# 
   149     000C                     	;# 
   150     000D                     	;# 
   151     000E                     	;# 
   152     000E                     	;# 
   153     000F                     	;# 
   154     0010                     	;# 
   155     0011                     	;# 
   156     0012                     	;# 
   157     0013                     	;# 
   158     0014                     	;# 
   159     0015                     	;# 
   160     0015                     	;# 
   161     0016                     	;# 
   162     0017                     	;# 
   163     0018                     	;# 
   164     0019                     	;# 
   165     001A                     	;# 
   166     001B                     	;# 
   167     001B                     	;# 
   168     001C                     	;# 
   169     001D                     	;# 
   170     001E                     	;# 
   171     001F                     	;# 
   172     0081                     	;# 
   173     0085                     	;# 
   174     0086                     	;# 
   175     0087                     	;# 
   176     0088                     	;# 
   177     0089                     	;# 
   178     008C                     	;# 
   179     008D                     	;# 
   180     008E                     	;# 
   181     008F                     	;# 
   182     0090                     	;# 
   183     0091                     	;# 
   184     0092                     	;# 
   185     0093                     	;# 
   186     0093                     	;# 
   187     0093                     	;# 
   188     0094                     	;# 
   189     0095                     	;# 
   190     0096                     	;# 
   191     0097                     	;# 
   192     0098                     	;# 
   193     0099                     	;# 
   194     009A                     	;# 
   195     009B                     	;# 
   196     009C                     	;# 
   197     009D                     	;# 
   198     009E                     	;# 
   199     009F                     	;# 
   200     0105                     	;# 
   201     0107                     	;# 
   202     0108                     	;# 
   203     0109                     	;# 
   204     010C                     	;# 
   205     010C                     	;# 
   206     010D                     	;# 
   207     010E                     	;# 
   208     010F                     	;# 
   209     0185                     	;# 
   210     0187                     	;# 
   211     0188                     	;# 
   212     0189                     	;# 
   213     018C                     	;# 
   214     018D                     	;# 
   215     0000                     	;# 
   216     0001                     	;# 
   217     0002                     	;# 
   218     0003                     	;# 
   219     0004                     	;# 
   220     0005                     	;# 
   221     0006                     	;# 
   222     0007                     	;# 
   223     0008                     	;# 
   224     0009                     	;# 
   225     000A                     	;# 
   226     000B                     	;# 
   227     000C                     	;# 
   228     000D                     	;# 
   229     000E                     	;# 
   230     000E                     	;# 
   231     000F                     	;# 
   232     0010                     	;# 
   233     0011                     	;# 
   234     0012                     	;# 
   235     0013                     	;# 
   236     0014                     	;# 
   237     0015                     	;# 
   238     0015                     	;# 
   239     0016                     	;# 
   240     0017                     	;# 
   241     0018                     	;# 
   242     0019                     	;# 
   243     001A                     	;# 
   244     001B                     	;# 
   245     001B                     	;# 
   246     001C                     	;# 
   247     001D                     	;# 
   248     001E                     	;# 
   249     001F                     	;# 
   250     0081                     	;# 
   251     0085                     	;# 
   252     0086                     	;# 
   253     0087                     	;# 
   254     0088                     	;# 
   255     0089                     	;# 
   256     008C                     	;# 
   257     008D                     	;# 
   258     008E                     	;# 
   259     008F                     	;# 
   260     0090                     	;# 
   261     0091                     	;# 
   262     0092                     	;# 
   263     0093                     	;# 
   264     0093                     	;# 
   265     0093                     	;# 
   266     0094                     	;# 
   267     0095                     	;# 
   268     0096                     	;# 
   269     0097                     	;# 
   270     0098                     	;# 
   271     0099                     	;# 
   272     009A                     	;# 
   273     009B                     	;# 
   274     009C                     	;# 
   275     009D                     	;# 
   276     009E                     	;# 
   277     009F                     	;# 
   278     0105                     	;# 
   279     0107                     	;# 
   280     0108                     	;# 
   281     0109                     	;# 
   282     010C                     	;# 
   283     010C                     	;# 
   284     010D                     	;# 
   285     010E                     	;# 
   286     010F                     	;# 
   287     0185                     	;# 
   288     0187                     	;# 
   289     0188                     	;# 
   290     0189                     	;# 
   291     018C                     	;# 
   292     018D                     	;# 
   293     0000                     	;# 
   294     0001                     	;# 
   295     0002                     	;# 
   296     0003                     	;# 
   297     0004                     	;# 
   298     0005                     	;# 
   299     0006                     	;# 
   300     0007                     	;# 
   301     0008                     	;# 
   302     0009                     	;# 
   303     000A                     	;# 
   304     000B                     	;# 
   305     000C                     	;# 
   306     000D                     	;# 
   307     000E                     	;# 
   308     000E                     	;# 
   309     000F                     	;# 
   310     0010                     	;# 
   311     0011                     	;# 
   312     0012                     	;# 
   313     0013                     	;# 
   314     0014                     	;# 
   315     0015                     	;# 
   316     0015                     	;# 
   317     0016                     	;# 
   318     0017                     	;# 
   319     0018                     	;# 
   320     0019                     	;# 
   321     001A                     	;# 
   322     001B                     	;# 
   323     001B                     	;# 
   324     001C                     	;# 
   325     001D                     	;# 
   326     001E                     	;# 
   327     001F                     	;# 
   328     0081                     	;# 
   329     0085                     	;# 
   330     0086                     	;# 
   331     0087                     	;# 
   332     0088                     	;# 
   333     0089                     	;# 
   334     008C                     	;# 
   335     008D                     	;# 
   336     008E                     	;# 
   337     008F                     	;# 
   338     0090                     	;# 
   339     0091                     	;# 
   340     0092                     	;# 
   341     0093                     	;# 
   342     0093                     	;# 
   343     0093                     	;# 
   344     0094                     	;# 
   345     0095                     	;# 
   346     0096                     	;# 
   347     0097                     	;# 
   348     0098                     	;# 
   349     0099                     	;# 
   350     009A                     	;# 
   351     009B                     	;# 
   352     009C                     	;# 
   353     009D                     	;# 
   354     009E                     	;# 
   355     009F                     	;# 
   356     0105                     	;# 
   357     0107                     	;# 
   358     0108                     	;# 
   359     0109                     	;# 
   360     010C                     	;# 
   361     010C                     	;# 
   362     010D                     	;# 
   363     010E                     	;# 
   364     010F                     	;# 
   365     0185                     	;# 
   366     0187                     	;# 
   367     0188                     	;# 
   368     0189                     	;# 
   369     018C                     	;# 
   370     018D                     	;# 
   371                           
   372                           	psect	idataBANK0
   373     0198                     __pidataBANK0:
   374                           
   375                           ;initializer for _channels
   376     0198  3400               	retlw	0
   377     0199  3400               	retlw	0
   378     019A  3401               	retlw	1
   379     019B  3400               	retlw	0
   380     0006                     _PORTB	set	6
   381     0008                     _PORTD	set	8
   382     0014                     _SSPCONbits	set	20
   383     0013                     _SSPBUF	set	19
   384     0014                     _SSPCON	set	20
   385     001E                     _ADRESH	set	30
   386     000C                     _PIR1bits	set	12
   387     001F                     _ADCON0bits	set	31
   388     0063                     _SSPIF	set	99
   389     005E                     _PEIE	set	94
   390     005F                     _GIE	set	95
   391     0088                     _TRISD	set	136
   392     0086                     _TRISB	set	134
   393     008F                     _OSCCONbits	set	143
   394     0094                     _SSPSTATbits	set	148
   395     0091                     _SSPCON2bits	set	145
   396     0087                     _TRISCbits	set	135
   397     0094                     _SSPSTAT	set	148
   398     0093                     _SSPADD	set	147
   399     0091                     _SSPCON2	set	145
   400     008C                     _PIE1bits	set	140
   401     009F                     _ADCON1bits	set	159
   402     04A0                     _BF	set	1184
   403     0463                     _SSPIE	set	1123
   404     043C                     _TRISC4	set	1084
   405     043B                     _TRISC3	set	1083
   406     0189                     _ANSELH	set	393
   407     0188                     _ANSEL	set	392
   408                           
   409                           	psect	cinit
   410     000F                     start_initialization:	
   411                           ; #config settings
   412                           
   413     000F                     __initialization:
   414                           
   415                           ; Initialize objects allocated to BANK0
   416     000F  120A  118A  2198  120A  118A  	fcall	__pidataBANK0	;fetch initializer
   417     0014  00A9               	movwf	__pdataBANK0& (0+127)
   418     0015  120A  118A  2199  120A  118A  	fcall	__pidataBANK0+1	;fetch initializer
   419     001A  00AA               	movwf	(__pdataBANK0+1)& (0+127)
   420     001B  120A  118A  219A  120A  118A  	fcall	__pidataBANK0+2	;fetch initializer
   421     0020  00AB               	movwf	(__pdataBANK0+2)& (0+127)
   422     0021  120A  118A  219B  120A  118A  	fcall	__pidataBANK0+3	;fetch initializer
   423     0026  00AC               	movwf	(__pdataBANK0+3)& (0+127)
   424                           
   425                           ; Clear objects allocated to BANK0
   426     0027  01AD               	clrf	__pbssBANK0& (0+127)
   427     0028  01AE               	clrf	(__pbssBANK0+1)& (0+127)
   428                           
   429                           ; Clear objects allocated to COMMON
   430     0029  01F8               	clrf	__pbssCOMMON& (0+127)
   431     002A  01F9               	clrf	(__pbssCOMMON+1)& (0+127)
   432     002B  01FA               	clrf	(__pbssCOMMON+2)& (0+127)
   433     002C  01FB               	clrf	(__pbssCOMMON+3)& (0+127)
   434     002D                     end_of_initialization:	
   435                           ;End of C runtime variable initialization code
   436                           
   437     002D                     __end_of__initialization:
   438     002D  0183               	clrf	3
   439     002E  120A  118A  28EC   	ljmp	_main	;jump to C main() function
   440                           
   441                           	psect	bssCOMMON
   442     0078                     __pbssCOMMON:
   443     0078                     _valor2:
   444     0078                     	ds	1
   445     0079                     _valor:
   446     0079                     	ds	1
   447     007A                     _dato:
   448     007A                     	ds	1
   449     007B                     _z:
   450     007B                     	ds	1
   451                           
   452                           	psect	bssBANK0
   453     002D                     __pbssBANK0:
   454     002D                     adc_change_channel@temp_channel:
   455     002D                     	ds	2
   456                           
   457                           	psect	dataBANK0
   458     0029                     __pdataBANK0:
   459     0029                     _channels:
   460     0029                     	ds	4
   461                           
   462                           	psect	cstackCOMMON
   463     0070                     __pcstackCOMMON:
   464     0070                     ?_setup:
   465     0070                     ?_I2C_Slave_Init:	
   466                           ; 1 bytes @ 0x0
   467                           
   468     0070                     ?_isr:	
   469                           ; 1 bytes @ 0x0
   470                           
   471     0070                     ?_main:	
   472                           ; 1 bytes @ 0x0
   473                           
   474     0070                     ?_adc_read:	
   475                           ; 1 bytes @ 0x0
   476                           
   477     0070                     ?_adc_get_channel:	
   478                           ; 2 bytes @ 0x0
   479                           
   480                           
   481                           ; 2 bytes @ 0x0
   482     0070                     	ds	2
   483     0072                     ??_adc_read:
   484     0072                     ??_adc_get_channel:	
   485                           ; 1 bytes @ 0x2
   486                           
   487                           
   488                           ; 1 bytes @ 0x2
   489     0072                     	ds	3
   490     0075                     ??_isr:
   491                           
   492                           ; 1 bytes @ 0x5
   493     0075                     	ds	3
   494                           
   495                           	psect	cstackBANK0
   496     0020                     __pcstackBANK0:
   497     0020                     ?_adc_init:
   498     0020                     ?_adc_change_channel:	
   499                           ; 1 bytes @ 0x0
   500                           
   501     0020                     ??_I2C_Slave_Init:	
   502                           ; 1 bytes @ 0x0
   503                           
   504     0020                     I2C_Slave_Init@address:	
   505                           ; 1 bytes @ 0x0
   506                           
   507     0020                     adc_init@channel:	
   508                           ; 1 bytes @ 0x0
   509                           
   510     0020                     adc_change_channel@length:	
   511                           ; 2 bytes @ 0x0
   512                           
   513                           
   514                           ; 2 bytes @ 0x0
   515     0020                     	ds	2
   516     0022                     ??_adc_init:
   517     0022                     ??_adc_change_channel:	
   518                           ; 1 bytes @ 0x2
   519                           
   520                           
   521                           ; 1 bytes @ 0x2
   522     0022                     	ds	1
   523     0023                     ??_setup:
   524                           
   525                           ; 1 bytes @ 0x3
   526     0023                     	ds	2
   527     0025                     adc_change_channel@channel:
   528                           
   529                           ; 1 bytes @ 0x5
   530     0025                     	ds	1
   531     0026                     ??_main:
   532                           
   533                           ; 1 bytes @ 0x6
   534     0026                     	ds	3
   535                           
   536                           	psect	maintext
   537     00EC                     __pmaintext:	
   538 ;;
   539 ;;Main: autosize = 0, tempsize = 3, incstack = 0, save=0
   540 ;;
   541 ;; *************** function _main *****************
   542 ;; Defined at:
   543 ;;		line 91 in file "mainslave.c"
   544 ;; Parameters:    Size  Location     Type
   545 ;;		None
   546 ;; Auto vars:     Size  Location     Type
   547 ;;		None
   548 ;; Return value:  Size  Location     Type
   549 ;;                  1    wreg      void 
   550 ;; Registers used:
   551 ;;		wreg, fsr0l, fsr0h, status,2, status,0, pclath, cstack
   552 ;; Tracked objects:
   553 ;;		On entry : B00/0
   554 ;;		On exit  : 0/0
   555 ;;		Unchanged: 0/0
   556 ;; Data sizes:     COMMON   BANK0   BANK1   BANK3   BANK2
   557 ;;      Params:         0       0       0       0       0
   558 ;;      Locals:         0       0       0       0       0
   559 ;;      Temps:          0       3       0       0       0
   560 ;;      Totals:         0       3       0       0       0
   561 ;;Total ram usage:        3 bytes
   562 ;; Hardware stack levels required when called: 4
   563 ;; This function calls:
   564 ;;		_adc_change_channel
   565 ;;		_setup
   566 ;; This function is called by:
   567 ;;		Startup code after reset
   568 ;; This function uses a non-reentrant model
   569 ;;
   570                           
   571     00EC                     _main:	
   572                           ;psect for function _main
   573                           
   574     00EC                     l1045:	
   575                           ;incstack = 0
   576                           ; Regs used in _main: [wreg-fsr0h+status,2+status,0+pclath+cstack]
   577                           
   578                           
   579                           ;mainslave.c: 92:     setup();
   580     00EC  120A  118A  2143  120A  118A  	fcall	_setup
   581     00F1                     l1047:
   582                           
   583                           ;mainslave.c: 93:     _delay((unsigned long)((50)*(8000000/4000000.0)));
   584     00F1  3020               	movlw	32
   585     00F2  1283               	bcf	3,5	;RP0=0, select bank0
   586     00F3  1303               	bcf	3,6	;RP1=0, select bank0
   587     00F4  00A6               	movwf	??_main
   588     00F5                     u317:
   589     00F5  0BA6               	decfsz	??_main,f
   590     00F6  28F5               	goto	u317
   591     00F7  0000               	nop
   592     00F8                     l1049:
   593                           
   594                           ;mainslave.c: 94:     ADCON0bits.GO = 1;
   595     00F8  1283               	bcf	3,5	;RP0=0, select bank0
   596     00F9  1303               	bcf	3,6	;RP1=0, select bank0
   597     00FA  149F               	bsf	31,1	;volatile
   598     00FB                     l1051:
   599                           
   600                           ;mainslave.c: 99:         PORTB = ~PORTB;
   601     00FB  1283               	bcf	3,5	;RP0=0, select bank0
   602     00FC  1303               	bcf	3,6	;RP1=0, select bank0
   603     00FD  0986               	comf	6,f	;volatile
   604     00FE                     l1053:
   605                           
   606                           ;mainslave.c: 100:        _delay((unsigned long)((500)*(8000000/4000.0)));
   607     00FE  3006               	movlw	6
   608     00FF  1283               	bcf	3,5	;RP0=0, select bank0
   609     0100  1303               	bcf	3,6	;RP1=0, select bank0
   610     0101  00A8               	movwf	??_main+2
   611     0102  3013               	movlw	19
   612     0103  00A7               	movwf	??_main+1
   613     0104  30AD               	movlw	173
   614     0105  00A6               	movwf	??_main
   615     0106                     u327:
   616     0106  0BA6               	decfsz	??_main,f
   617     0107  2906               	goto	u327
   618     0108  0BA7               	decfsz	??_main+1,f
   619     0109  2906               	goto	u327
   620     010A  0BA8               	decfsz	??_main+2,f
   621     010B  2906               	goto	u327
   622     010C                     l1055:
   623                           
   624                           ;mainslave.c: 101:        adc_change_channel(channels,2);
   625     010C  3002               	movlw	2
   626     010D  1283               	bcf	3,5	;RP0=0, select bank0
   627     010E  1303               	bcf	3,6	;RP1=0, select bank0
   628     010F  00A0               	movwf	adc_change_channel@length
   629     0110  3000               	movlw	0
   630     0111  00A1               	movwf	adc_change_channel@length+1
   631     0112  3029               	movlw	(low (_channels| 0))& (0+255)
   632     0113  120A  118A  20AF  120A  118A  	fcall	_adc_change_channel
   633     0118  28FB               	goto	l1051
   634     0119  120A  118A  280C   	ljmp	start
   635     011C                     __end_of_main:
   636                           
   637                           	psect	text1
   638     0143                     __ptext1:	
   639 ;; *************** function _setup *****************
   640 ;; Defined at:
   641 ;;		line 108 in file "mainslave.c"
   642 ;; Parameters:    Size  Location     Type
   643 ;;		None
   644 ;; Auto vars:     Size  Location     Type
   645 ;;		None
   646 ;; Return value:  Size  Location     Type
   647 ;;                  1    wreg      void 
   648 ;; Registers used:
   649 ;;		wreg, status,2, status,0, pclath, cstack
   650 ;; Tracked objects:
   651 ;;		On entry : 0/0
   652 ;;		On exit  : 0/0
   653 ;;		Unchanged: 0/0
   654 ;; Data sizes:     COMMON   BANK0   BANK1   BANK3   BANK2
   655 ;;      Params:         0       0       0       0       0
   656 ;;      Locals:         0       0       0       0       0
   657 ;;      Temps:          0       0       0       0       0
   658 ;;      Totals:         0       0       0       0       0
   659 ;;Total ram usage:        0 bytes
   660 ;; Hardware stack levels used: 1
   661 ;; Hardware stack levels required when called: 3
   662 ;; This function calls:
   663 ;;		_I2C_Slave_Init
   664 ;;		_adc_init
   665 ;; This function is called by:
   666 ;;		_main
   667 ;; This function uses a non-reentrant model
   668 ;;
   669                           
   670     0143                     _setup:	
   671                           ;psect for function _setup
   672                           
   673     0143                     l979:	
   674                           ;incstack = 0
   675                           ; Regs used in _setup: [wreg+status,2+status,0+pclath+cstack]
   676                           
   677                           
   678                           ;mainslave.c: 109:     ANSEL = 0b00000011;
   679     0143  3003               	movlw	3
   680     0144  1683               	bsf	3,5	;RP0=1, select bank3
   681     0145  1703               	bsf	3,6	;RP1=1, select bank3
   682     0146  0088               	movwf	8	;volatile
   683     0147                     l981:
   684                           
   685                           ;mainslave.c: 110:     ANSELH = 0;
   686     0147  0189               	clrf	9	;volatile
   687     0148                     l983:
   688                           
   689                           ;mainslave.c: 111:     adc_init(0);
   690     0148  3000               	movlw	0
   691     0149  1283               	bcf	3,5	;RP0=0, select bank0
   692     014A  1303               	bcf	3,6	;RP1=0, select bank0
   693     014B  00A0               	movwf	adc_init@channel
   694     014C  00A1               	movwf	adc_init@channel+1
   695     014D  120A  118A  211C  120A  118A  	fcall	_adc_init
   696     0152                     l985:
   697                           
   698                           ;mainslave.c: 114:     OSCCONbits.IRCF2 = 1;
   699     0152  1683               	bsf	3,5	;RP0=1, select bank1
   700     0153  1303               	bcf	3,6	;RP1=0, select bank1
   701     0154  170F               	bsf	15,6	;volatile
   702     0155                     l987:
   703                           
   704                           ;mainslave.c: 115:     OSCCONbits.IRCF1 = 1;
   705     0155  168F               	bsf	15,5	;volatile
   706     0156                     l989:
   707                           
   708                           ;mainslave.c: 116:     OSCCONbits.IRCF0 = 1;
   709     0156  160F               	bsf	15,4	;volatile
   710     0157                     l991:
   711                           
   712                           ;mainslave.c: 117:     OSCCONbits.SCS = 1;
   713     0157  140F               	bsf	15,0	;volatile
   714     0158                     l993:
   715                           
   716                           ;mainslave.c: 120:     TRISB = 0;
   717     0158  0186               	clrf	6	;volatile
   718     0159                     l995:
   719                           
   720                           ;mainslave.c: 121:     TRISD = 0;
   721     0159  0188               	clrf	8	;volatile
   722     015A                     l997:
   723                           
   724                           ;mainslave.c: 123:     PORTB = 0;
   725     015A  1283               	bcf	3,5	;RP0=0, select bank0
   726     015B  1303               	bcf	3,6	;RP1=0, select bank0
   727     015C  0186               	clrf	6	;volatile
   728     015D                     l999:
   729                           
   730                           ;mainslave.c: 124:     PORTD = 0;
   731     015D  0188               	clrf	8	;volatile
   732     015E                     l1001:
   733                           
   734                           ;mainslave.c: 126:     I2C_Slave_Init(0x50);
   735     015E  3050               	movlw	80
   736     015F  120A  118A  2165  120A  118A  	fcall	_I2C_Slave_Init
   737     0164                     l165:
   738     0164  0008               	return
   739     0165                     __end_of_setup:
   740                           
   741                           	psect	text2
   742     011C                     __ptext2:	
   743 ;; *************** function _adc_init *****************
   744 ;; Defined at:
   745 ;;		line 6 in file "ADC.c"
   746 ;; Parameters:    Size  Location     Type
   747 ;;  channel         2    0[BANK0 ] int 
   748 ;; Auto vars:     Size  Location     Type
   749 ;;		None
   750 ;; Return value:  Size  Location     Type
   751 ;;                  1    wreg      void 
   752 ;; Registers used:
   753 ;;		wreg, status,2, status,0
   754 ;; Tracked objects:
   755 ;;		On entry : 0/0
   756 ;;		On exit  : 0/0
   757 ;;		Unchanged: 0/0
   758 ;; Data sizes:     COMMON   BANK0   BANK1   BANK3   BANK2
   759 ;;      Params:         0       2       0       0       0
   760 ;;      Locals:         0       0       0       0       0
   761 ;;      Temps:          0       1       0       0       0
   762 ;;      Totals:         0       3       0       0       0
   763 ;;Total ram usage:        3 bytes
   764 ;; Hardware stack levels used: 1
   765 ;; Hardware stack levels required when called: 2
   766 ;; This function calls:
   767 ;;		Nothing
   768 ;; This function is called by:
   769 ;;		_setup
   770 ;; This function uses a non-reentrant model
   771 ;;
   772                           
   773     011C                     _adc_init:	
   774                           ;psect for function _adc_init
   775                           
   776     011C                     l929:	
   777                           ;incstack = 0
   778                           ; Regs used in _adc_init: [wreg+status,2+status,0]
   779                           
   780                           
   781                           ;ADC.c: 8:     ADCON0bits.ADCS = 0b01;
   782     011C  1283               	bcf	3,5	;RP0=0, select bank0
   783     011D  1303               	bcf	3,6	;RP1=0, select bank0
   784     011E  081F               	movf	31,w	;volatile
   785     011F  393F               	andlw	-193
   786     0120  3840               	iorlw	64
   787     0121  009F               	movwf	31	;volatile
   788     0122                     l931:
   789                           
   790                           ;ADC.c: 9:     ADCON1bits.VCFG0 = 0;
   791     0122  1683               	bsf	3,5	;RP0=1, select bank1
   792     0123  1303               	bcf	3,6	;RP1=0, select bank1
   793     0124  121F               	bcf	31,4	;volatile
   794     0125                     l933:
   795                           
   796                           ;ADC.c: 10:     ADCON1bits.VCFG1 = 0;
   797     0125  129F               	bcf	31,5	;volatile
   798                           
   799                           ;ADC.c: 11:     ADCON0bits.CHS = channel;
   800     0126  1283               	bcf	3,5	;RP0=0, select bank0
   801     0127  1303               	bcf	3,6	;RP1=0, select bank0
   802     0128  0820               	movf	adc_init@channel,w
   803     0129  00A2               	movwf	??_adc_init
   804     012A  0DA2               	rlf	??_adc_init,f
   805     012B  0DA2               	rlf	??_adc_init,f
   806     012C  081F               	movf	31,w	;volatile
   807     012D  0622               	xorwf	??_adc_init,w
   808     012E  39C3               	andlw	-61
   809     012F  0622               	xorwf	??_adc_init,w
   810     0130  009F               	movwf	31	;volatile
   811     0131                     l935:
   812                           
   813                           ;ADC.c: 14:     ADCON1bits.ADFM = 0;
   814     0131  1683               	bsf	3,5	;RP0=1, select bank1
   815     0132  1303               	bcf	3,6	;RP1=0, select bank1
   816     0133  139F               	bcf	31,7	;volatile
   817     0134                     l937:
   818                           
   819                           ;ADC.c: 15:     _delay((unsigned long)((50)*(4000000/4000000.0)));
   820     0134  300F               	movlw	15
   821     0135  1283               	bcf	3,5	;RP0=0, select bank0
   822     0136  1303               	bcf	3,6	;RP1=0, select bank0
   823     0137  00A2               	movwf	??_adc_init
   824     0138                     u337:
   825     0138  0BA2               	decfsz	??_adc_init,f
   826     0139  2938               	goto	u337
   827     013A  293B               	nop2
   828     013B                     l939:
   829                           
   830                           ;ADC.c: 16:     ADCON0bits.ADON = 1;
   831     013B  1283               	bcf	3,5	;RP0=0, select bank0
   832     013C  1303               	bcf	3,6	;RP1=0, select bank0
   833     013D  141F               	bsf	31,0	;volatile
   834     013E                     l941:
   835                           
   836                           ;ADC.c: 17:     PIR1bits.ADIF = 0;
   837     013E  130C               	bcf	12,6	;volatile
   838     013F                     l943:
   839                           
   840                           ;ADC.c: 18:     PIE1bits.ADIE = 1;
   841     013F  1683               	bsf	3,5	;RP0=1, select bank1
   842     0140  1303               	bcf	3,6	;RP1=0, select bank1
   843     0141  170C               	bsf	12,6	;volatile
   844     0142                     l15:
   845     0142  0008               	return
   846     0143                     __end_of_adc_init:
   847                           
   848                           	psect	text3
   849     0165                     __ptext3:	
   850 ;; *************** function _I2C_Slave_Init *****************
   851 ;; Defined at:
   852 ;;		line 93 in file "I2C.c"
   853 ;; Parameters:    Size  Location     Type
   854 ;;  address         1    wreg     unsigned char 
   855 ;; Auto vars:     Size  Location     Type
   856 ;;  address         1    0[BANK0 ] unsigned char 
   857 ;; Return value:  Size  Location     Type
   858 ;;                  1    wreg      void 
   859 ;; Registers used:
   860 ;;		wreg
   861 ;; Tracked objects:
   862 ;;		On entry : 0/0
   863 ;;		On exit  : 0/0
   864 ;;		Unchanged: 0/0
   865 ;; Data sizes:     COMMON   BANK0   BANK1   BANK3   BANK2
   866 ;;      Params:         0       0       0       0       0
   867 ;;      Locals:         0       1       0       0       0
   868 ;;      Temps:          0       0       0       0       0
   869 ;;      Totals:         0       1       0       0       0
   870 ;;Total ram usage:        1 bytes
   871 ;; Hardware stack levels used: 1
   872 ;; Hardware stack levels required when called: 2
   873 ;; This function calls:
   874 ;;		Nothing
   875 ;; This function is called by:
   876 ;;		_setup
   877 ;; This function uses a non-reentrant model
   878 ;;
   879                           
   880     0165                     _I2C_Slave_Init:	
   881                           ;psect for function _I2C_Slave_Init
   882                           
   883                           
   884                           ;incstack = 0
   885                           ; Regs used in _I2C_Slave_Init: [wreg]
   886                           ;I2C_Slave_Init@address stored from wreg
   887     0165  1283               	bcf	3,5	;RP0=0, select bank0
   888     0166  1303               	bcf	3,6	;RP1=0, select bank0
   889     0167  00A0               	movwf	I2C_Slave_Init@address
   890     0168                     l945:
   891                           
   892                           ;I2C.c: 93: void I2C_Slave_Init(uint8_t address);I2C.c: 94: {;I2C.c: 95:     SSPADD = ad
      +                          dress;
   893     0168  0820               	movf	I2C_Slave_Init@address,w
   894     0169  1683               	bsf	3,5	;RP0=1, select bank1
   895     016A  1303               	bcf	3,6	;RP1=0, select bank1
   896     016B  0093               	movwf	19	;volatile
   897                           
   898                           ;I2C.c: 96:     SSPCON = 0x36;
   899     016C  3036               	movlw	54
   900     016D  1283               	bcf	3,5	;RP0=0, select bank0
   901     016E  1303               	bcf	3,6	;RP1=0, select bank0
   902     016F  0094               	movwf	20	;volatile
   903                           
   904                           ;I2C.c: 97:     SSPSTAT = 0x80;
   905     0170  3080               	movlw	128
   906     0171  1683               	bsf	3,5	;RP0=1, select bank1
   907     0172  1303               	bcf	3,6	;RP1=0, select bank1
   908     0173  0094               	movwf	20	;volatile
   909                           
   910                           ;I2C.c: 98:     SSPCON2 = 0x01;
   911     0174  3001               	movlw	1
   912     0175  0091               	movwf	17	;volatile
   913     0176                     l947:
   914                           
   915                           ;I2C.c: 99:     TRISC3 = 1;
   916     0176  1587               	bsf	7,3	;volatile
   917     0177                     l949:
   918                           
   919                           ;I2C.c: 100:     TRISC4 = 1;
   920     0177  1607               	bsf	7,4	;volatile
   921     0178                     l951:
   922                           
   923                           ;I2C.c: 101:     GIE = 1;
   924     0178  178B               	bsf	11,7	;volatile
   925     0179                     l953:
   926                           
   927                           ;I2C.c: 102:     PEIE = 1;
   928     0179  170B               	bsf	11,6	;volatile
   929     017A                     l955:
   930                           
   931                           ;I2C.c: 103:     SSPIF = 0;
   932     017A  1283               	bcf	3,5	;RP0=0, select bank0
   933     017B  1303               	bcf	3,6	;RP1=0, select bank0
   934     017C  118C               	bcf	12,3	;volatile
   935     017D                     l957:
   936                           
   937                           ;I2C.c: 104:     SSPIE = 1;
   938     017D  1683               	bsf	3,5	;RP0=1, select bank1
   939     017E  1303               	bcf	3,6	;RP1=0, select bank1
   940     017F  158C               	bsf	12,3	;volatile
   941     0180                     l83:
   942     0180  0008               	return
   943     0181                     __end_of_I2C_Slave_Init:
   944                           
   945                           	psect	text4
   946     00AF                     __ptext4:	
   947 ;; *************** function _adc_change_channel *****************
   948 ;; Defined at:
   949 ;;		line 25 in file "ADC.c"
   950 ;; Parameters:    Size  Location     Type
   951 ;;  channel         1    wreg     PTR const int 
   952 ;;		 -> channels(4), 
   953 ;;  length          2    0[BANK0 ] int 
   954 ;; Auto vars:     Size  Location     Type
   955 ;;  channel         1    5[BANK0 ] PTR const int 
   956 ;;		 -> channels(4), 
   957 ;; Return value:  Size  Location     Type
   958 ;;                  1    wreg      void 
   959 ;; Registers used:
   960 ;;		wreg, fsr0l, fsr0h, status,2, status,0
   961 ;; Tracked objects:
   962 ;;		On entry : 0/0
   963 ;;		On exit  : 0/0
   964 ;;		Unchanged: 0/0
   965 ;; Data sizes:     COMMON   BANK0   BANK1   BANK3   BANK2
   966 ;;      Params:         0       2       0       0       0
   967 ;;      Locals:         0       1       0       0       0
   968 ;;      Temps:          0       3       0       0       0
   969 ;;      Totals:         0       6       0       0       0
   970 ;;Total ram usage:        6 bytes
   971 ;; Hardware stack levels used: 1
   972 ;; Hardware stack levels required when called: 2
   973 ;; This function calls:
   974 ;;		Nothing
   975 ;; This function is called by:
   976 ;;		_main
   977 ;; This function uses a non-reentrant model
   978 ;;
   979                           
   980     00AF                     _adc_change_channel:	
   981                           ;psect for function _adc_change_channel
   982                           
   983                           
   984                           ;incstack = 0
   985                           ; Regs used in _adc_change_channel: [wreg-fsr0h+status,2+status,0]
   986                           ;adc_change_channel@channel stored from wreg
   987     00AF  1283               	bcf	3,5	;RP0=0, select bank0
   988     00B0  1303               	bcf	3,6	;RP1=0, select bank0
   989     00B1  00A5               	movwf	adc_change_channel@channel
   990     00B2                     l963:
   991                           
   992                           ;ADC.c: 26:     static int temp_channel = 0;;ADC.c: 28:     if (ADCON0bits.GO == 0) {
   993     00B2  189F               	btfsc	31,1	;volatile
   994     00B3  28B5               	goto	u181
   995     00B4  28B6               	goto	u180
   996     00B5                     u181:
   997     00B5  28EB               	goto	l25
   998     00B6                     u180:
   999     00B6                     l965:
  1000                           
  1001                           ;ADC.c: 29:         temp_channel++;
  1002     00B6  3001               	movlw	1
  1003     00B7  07AD               	addwf	adc_change_channel@temp_channel,f
  1004     00B8  1803               	skipnc
  1005     00B9  0AAE               	incf	adc_change_channel@temp_channel+1,f
  1006     00BA  3000               	movlw	0
  1007     00BB  07AE               	addwf	adc_change_channel@temp_channel+1,f
  1008                           
  1009                           ;ADC.c: 30:         if (temp_channel >= length) {
  1010     00BC  082E               	movf	adc_change_channel@temp_channel+1,w
  1011     00BD  3A80               	xorlw	128
  1012     00BE  00A2               	movwf	??_adc_change_channel
  1013     00BF  0821               	movf	adc_change_channel@length+1,w
  1014     00C0  3A80               	xorlw	128
  1015     00C1  0222               	subwf	??_adc_change_channel,w
  1016     00C2  1D03               	skipz
  1017     00C3  28C6               	goto	u195
  1018     00C4  0820               	movf	adc_change_channel@length,w
  1019     00C5  022D               	subwf	adc_change_channel@temp_channel,w
  1020     00C6                     u195:
  1021     00C6  1C03               	skipc
  1022     00C7  28C9               	goto	u191
  1023     00C8  28CA               	goto	u190
  1024     00C9                     u191:
  1025     00C9  28CE               	goto	l969
  1026     00CA                     u190:
  1027     00CA                     l967:
  1028                           
  1029                           ;ADC.c: 31:             temp_channel = 0;
  1030     00CA  1283               	bcf	3,5	;RP0=0, select bank0
  1031     00CB  1303               	bcf	3,6	;RP1=0, select bank0
  1032     00CC  01AD               	clrf	adc_change_channel@temp_channel
  1033     00CD  01AE               	clrf	adc_change_channel@temp_channel+1
  1034     00CE                     l969:
  1035                           
  1036                           ;ADC.c: 34:         ADCON0bits.CHS = channel[temp_channel];
  1037     00CE  1283               	bcf	3,5	;RP0=0, select bank0
  1038     00CF  1303               	bcf	3,6	;RP1=0, select bank0
  1039     00D0  082D               	movf	adc_change_channel@temp_channel,w
  1040     00D1  00A2               	movwf	??_adc_change_channel
  1041     00D2  0722               	addwf	??_adc_change_channel,w
  1042     00D3  0725               	addwf	adc_change_channel@channel,w
  1043     00D4  00A3               	movwf	??_adc_change_channel+1
  1044     00D5  0823               	movf	??_adc_change_channel+1,w
  1045     00D6  0084               	movwf	4
  1046     00D7  1383               	bcf	3,7	;select IRP bank0
  1047     00D8  0800               	movf	0,w
  1048     00D9  00A4               	movwf	??_adc_change_channel+2
  1049     00DA  0DA4               	rlf	??_adc_change_channel+2,f
  1050     00DB  0DA4               	rlf	??_adc_change_channel+2,f
  1051     00DC  081F               	movf	31,w	;volatile
  1052     00DD  0624               	xorwf	??_adc_change_channel+2,w
  1053     00DE  39C3               	andlw	-61
  1054     00DF  0624               	xorwf	??_adc_change_channel+2,w
  1055     00E0  009F               	movwf	31	;volatile
  1056     00E1                     l971:
  1057                           
  1058                           ;ADC.c: 35:         _delay((unsigned long)((100)*(4000000/4000000.0)));
  1059     00E1  3020               	movlw	32
  1060     00E2  1283               	bcf	3,5	;RP0=0, select bank0
  1061     00E3  1303               	bcf	3,6	;RP1=0, select bank0
  1062     00E4  00A2               	movwf	??_adc_change_channel
  1063     00E5                     u347:
  1064     00E5  0BA2               	decfsz	??_adc_change_channel,f
  1065     00E6  28E5               	goto	u347
  1066     00E7  0000               	nop
  1067     00E8                     l973:
  1068                           
  1069                           ;ADC.c: 36:         ADCON0bits.GO = 1;
  1070     00E8  1283               	bcf	3,5	;RP0=0, select bank0
  1071     00E9  1303               	bcf	3,6	;RP1=0, select bank0
  1072     00EA  149F               	bsf	31,1	;volatile
  1073     00EB                     l25:
  1074     00EB  0008               	return
  1075     00EC                     __end_of_adc_change_channel:
  1076                           
  1077                           	psect	text5
  1078     0031                     __ptext5:	
  1079 ;; *************** function _isr *****************
  1080 ;; Defined at:
  1081 ;;		line 45 in file "mainslave.c"
  1082 ;; Parameters:    Size  Location     Type
  1083 ;;		None
  1084 ;; Auto vars:     Size  Location     Type
  1085 ;;		None
  1086 ;; Return value:  Size  Location     Type
  1087 ;;                  1    wreg      void 
  1088 ;; Registers used:
  1089 ;;		wreg, status,2, status,0, pclath, cstack
  1090 ;; Tracked objects:
  1091 ;;		On entry : 0/0
  1092 ;;		On exit  : 0/0
  1093 ;;		Unchanged: 0/0
  1094 ;; Data sizes:     COMMON   BANK0   BANK1   BANK3   BANK2
  1095 ;;      Params:         0       0       0       0       0
  1096 ;;      Locals:         0       0       0       0       0
  1097 ;;      Temps:          3       0       0       0       0
  1098 ;;      Totals:         3       0       0       0       0
  1099 ;;Total ram usage:        3 bytes
  1100 ;; Hardware stack levels used: 1
  1101 ;; Hardware stack levels required when called: 1
  1102 ;; This function calls:
  1103 ;;		_adc_get_channel
  1104 ;;		_adc_read
  1105 ;; This function is called by:
  1106 ;;		Interrupt level 1
  1107 ;; This function uses a non-reentrant model
  1108 ;;
  1109                           
  1110     0031                     _isr:	
  1111                           ;psect for function _isr
  1112                           
  1113     0031                     i1l1003:
  1114                           
  1115                           ;mainslave.c: 46:    if(PIR1bits.SSPIF == 1){
  1116     0031  1283               	bcf	3,5	;RP0=0, select bank0
  1117     0032  1303               	bcf	3,6	;RP1=0, select bank0
  1118     0033  1D8C               	btfss	12,3	;volatile
  1119     0034  2836               	goto	u20_21
  1120     0035  2837               	goto	u20_20
  1121     0036                     u20_21:
  1122     0036  2887               	goto	i1l138
  1123     0037                     u20_20:
  1124     0037                     i1l1005:
  1125                           
  1126                           ;mainslave.c: 48:         SSPCONbits.CKP = 0;
  1127     0037  1214               	bcf	20,4	;volatile
  1128                           
  1129                           ;mainslave.c: 50:         if ((SSPCONbits.SSPOV) || (SSPCONbits.WCOL)){
  1130     0038  1B14               	btfsc	20,6	;volatile
  1131     0039  283B               	goto	u21_21
  1132     003A  283C               	goto	u21_20
  1133     003B                     u21_21:
  1134     003B  2840               	goto	i1l1009
  1135     003C                     u21_20:
  1136     003C                     i1l1007:
  1137     003C  1F94               	btfss	20,7	;volatile
  1138     003D  283F               	goto	u22_21
  1139     003E  2840               	goto	u22_20
  1140     003F                     u22_21:
  1141     003F  2845               	goto	i1l1017
  1142     0040                     u22_20:
  1143     0040                     i1l1009:
  1144                           
  1145                           ;mainslave.c: 51:             z = SSPBUF;
  1146     0040  0813               	movf	19,w	;volatile
  1147     0041  00FB               	movwf	_z
  1148     0042                     i1l1011:
  1149                           
  1150                           ;mainslave.c: 52:             SSPCONbits.SSPOV = 0;
  1151     0042  1314               	bcf	20,6	;volatile
  1152     0043                     i1l1013:
  1153                           
  1154                           ;mainslave.c: 53:             SSPCONbits.WCOL = 0;
  1155     0043  1394               	bcf	20,7	;volatile
  1156     0044                     i1l1015:
  1157                           
  1158                           ;mainslave.c: 54:             SSPCONbits.CKP = 1;
  1159     0044  1614               	bsf	20,4	;volatile
  1160     0045                     i1l1017:
  1161                           
  1162                           ;mainslave.c: 57:         if(!SSPSTATbits.D_nA && !SSPSTATbits.R_nW) {
  1163     0045  1683               	bsf	3,5	;RP0=1, select bank1
  1164     0046  1303               	bcf	3,6	;RP1=0, select bank1
  1165     0047  1A94               	btfsc	20,5	;volatile
  1166     0048  284A               	goto	u23_21
  1167     0049  284B               	goto	u23_20
  1168     004A                     u23_21:
  1169     004A  2865               	goto	i1l142
  1170     004B                     u23_20:
  1171     004B                     i1l1019:
  1172     004B  1914               	btfsc	20,2	;volatile
  1173     004C  284E               	goto	u24_21
  1174     004D  284F               	goto	u24_20
  1175     004E                     u24_21:
  1176     004E  2865               	goto	i1l142
  1177     004F                     u24_20:
  1178     004F                     i1l1021:
  1179                           
  1180                           ;mainslave.c: 59:             z = SSPBUF;
  1181     004F  1283               	bcf	3,5	;RP0=0, select bank0
  1182     0050  1303               	bcf	3,6	;RP1=0, select bank0
  1183     0051  0813               	movf	19,w	;volatile
  1184     0052  00FB               	movwf	_z
  1185     0053                     i1l1023:
  1186                           
  1187                           ;mainslave.c: 61:             PIR1bits.SSPIF = 0;
  1188     0053  118C               	bcf	12,3	;volatile
  1189     0054                     i1l1025:
  1190                           
  1191                           ;mainslave.c: 62:             SSPCONbits.CKP = 1;
  1192     0054  1614               	bsf	20,4	;volatile
  1193     0055                     i1l143:	
  1194                           ;mainslave.c: 63:             while(!SSPSTATbits.BF);
  1195                           
  1196     0055  1683               	bsf	3,5	;RP0=1, select bank1
  1197     0056  1303               	bcf	3,6	;RP1=0, select bank1
  1198     0057  1C14               	btfss	20,0	;volatile
  1199     0058  285A               	goto	u25_21
  1200     0059  285B               	goto	u25_20
  1201     005A                     u25_21:
  1202     005A  2855               	goto	i1l143
  1203     005B                     u25_20:
  1204     005B                     i1l1027:
  1205                           
  1206                           ;mainslave.c: 64:             PORTD = SSPBUF;
  1207     005B  1283               	bcf	3,5	;RP0=0, select bank0
  1208     005C  1303               	bcf	3,6	;RP1=0, select bank0
  1209     005D  0813               	movf	19,w	;volatile
  1210     005E  0088               	movwf	8	;volatile
  1211                           
  1212                           ;mainslave.c: 65:             _delay((unsigned long)((250)*(8000000/4000000.0)));
  1213     005F  30A6               	movlw	166
  1214     0060  00F5               	movwf	??_isr
  1215     0061                     u35_27:
  1216     0061  0BF5               	decfsz	??_isr,f
  1217     0062  2861               	goto	u35_27
  1218     0063  0000               	nop
  1219                           
  1220                           ;mainslave.c: 67:         }else if(!SSPSTATbits.D_nA && SSPSTATbits.R_nW){
  1221     0064  2884               	goto	i1l146
  1222     0065                     i1l142:
  1223     0065  1A94               	btfsc	20,5	;volatile
  1224     0066  2868               	goto	u26_21
  1225     0067  2869               	goto	u26_20
  1226     0068                     u26_21:
  1227     0068  2884               	goto	i1l146
  1228     0069                     u26_20:
  1229     0069                     i1l1029:
  1230     0069  1D14               	btfss	20,2	;volatile
  1231     006A  286C               	goto	u27_21
  1232     006B  286D               	goto	u27_20
  1233     006C                     u27_21:
  1234     006C  2884               	goto	i1l146
  1235     006D                     u27_20:
  1236     006D                     i1l1031:
  1237                           
  1238                           ;mainslave.c: 68:             z = SSPBUF;
  1239     006D  1283               	bcf	3,5	;RP0=0, select bank0
  1240     006E  1303               	bcf	3,6	;RP1=0, select bank0
  1241     006F  0813               	movf	19,w	;volatile
  1242     0070  00FB               	movwf	_z
  1243     0071                     i1l1033:
  1244                           
  1245                           ;mainslave.c: 69:             BF = 0;
  1246     0071  1683               	bsf	3,5	;RP0=1, select bank1
  1247     0072  1303               	bcf	3,6	;RP1=0, select bank1
  1248     0073  1014               	bcf	20,0	;volatile
  1249                           
  1250                           ;mainslave.c: 70:             SSPBUF = valor;
  1251     0074  0879               	movf	_valor,w
  1252     0075  1283               	bcf	3,5	;RP0=0, select bank0
  1253     0076  1303               	bcf	3,6	;RP1=0, select bank0
  1254     0077  0093               	movwf	19	;volatile
  1255     0078                     i1l1035:
  1256                           
  1257                           ;mainslave.c: 71:             SSPCONbits.CKP = 1;
  1258     0078  1614               	bsf	20,4	;volatile
  1259                           
  1260                           ;mainslave.c: 72:             _delay((unsigned long)((250)*(8000000/4000000.0)));
  1261     0079  30A6               	movlw	166
  1262     007A  00F5               	movwf	??_isr
  1263     007B                     u36_27:
  1264     007B  0BF5               	decfsz	??_isr,f
  1265     007C  287B               	goto	u36_27
  1266     007D  0000               	nop
  1267     007E                     i1l148:	
  1268                           ;mainslave.c: 73:             while(SSPSTATbits.BF);
  1269                           
  1270     007E  1683               	bsf	3,5	;RP0=1, select bank1
  1271     007F  1303               	bcf	3,6	;RP1=0, select bank1
  1272     0080  1814               	btfsc	20,0	;volatile
  1273     0081  2883               	goto	u28_21
  1274     0082  2884               	goto	u28_20
  1275     0083                     u28_21:
  1276     0083  287E               	goto	i1l148
  1277     0084                     u28_20:
  1278     0084                     i1l146:
  1279                           
  1280                           ;mainslave.c: 76:         PIR1bits.SSPIF = 0;
  1281     0084  1283               	bcf	3,5	;RP0=0, select bank0
  1282     0085  1303               	bcf	3,6	;RP1=0, select bank0
  1283     0086  118C               	bcf	12,3	;volatile
  1284     0087                     i1l138:	
  1285                           ;mainslave.c: 77:     }
  1286                           
  1287                           
  1288                           ;mainslave.c: 78:    if(PIR1bits.ADIF){
  1289     0087  1F0C               	btfss	12,6	;volatile
  1290     0088  288A               	goto	u29_21
  1291     0089  288B               	goto	u29_20
  1292     008A                     u29_21:
  1293     008A  28A8               	goto	i1l154
  1294     008B                     u29_20:
  1295     008B                     i1l1037:
  1296                           
  1297                           ;mainslave.c: 79:         if(adc_get_channel() == 0){
  1298     008B  120A  118A  2181  120A  118A  	fcall	_adc_get_channel
  1299     0090  0870               	movf	?_adc_get_channel,w
  1300     0091  0471               	iorwf	?_adc_get_channel+1,w
  1301     0092  1D03               	btfss	3,2
  1302     0093  2895               	goto	u30_21
  1303     0094  2896               	goto	u30_20
  1304     0095                     u30_21:
  1305     0095  289E               	goto	i1l1041
  1306     0096                     u30_20:
  1307     0096                     i1l1039:
  1308                           
  1309                           ;mainslave.c: 80:             valor = adc_read();
  1310     0096  120A  118A  218E  120A  118A  	fcall	_adc_read
  1311     009B  0870               	movf	?_adc_read,w
  1312     009C  00F9               	movwf	_valor
  1313                           
  1314                           ;mainslave.c: 81:         }
  1315     009D  28A5               	goto	i1l1043
  1316     009E                     i1l1041:
  1317                           
  1318                           ;mainslave.c: 84:             valor2 = adc_read();
  1319     009E  120A  118A  218E  120A  118A  	fcall	_adc_read
  1320     00A3  0870               	movf	?_adc_read,w
  1321     00A4  00F8               	movwf	_valor2
  1322     00A5                     i1l1043:
  1323                           
  1324                           ;mainslave.c: 85:             PIR1bits.ADIF = 0;
  1325     00A5  1283               	bcf	3,5	;RP0=0, select bank0
  1326     00A6  1303               	bcf	3,6	;RP1=0, select bank0
  1327     00A7  130C               	bcf	12,6	;volatile
  1328     00A8                     i1l154:
  1329     00A8  0877               	movf	??_isr+2,w
  1330     00A9  008A               	movwf	10
  1331     00AA  0E76               	swapf	??_isr+1,w
  1332     00AB  0083               	movwf	3
  1333     00AC  0EFE               	swapf	btemp,f
  1334     00AD  0E7E               	swapf	btemp,w
  1335     00AE  0009               	retfie
  1336     00AF                     __end_of_isr:
  1337                           
  1338                           	psect	intentry
  1339     0004                     __pintentry:	
  1340                           ;incstack = 0
  1341                           ; Regs used in _isr: [wreg+status,2+status,0+pclath+cstack]
  1342                           
  1343     0004                     interrupt_function:
  1344     007E                     saved_w	set	btemp
  1345     0004  00FE               	movwf	btemp
  1346     0005  0E03               	swapf	3,w
  1347     0006  00F6               	movwf	??_isr+1
  1348     0007  080A               	movf	10,w
  1349     0008  00F7               	movwf	??_isr+2
  1350     0009  120A  118A  2831   	ljmp	_isr
  1351                           
  1352                           	psect	text6
  1353     018E                     __ptext6:	
  1354 ;; *************** function _adc_read *****************
  1355 ;; Defined at:
  1356 ;;		line 21 in file "ADC.c"
  1357 ;; Parameters:    Size  Location     Type
  1358 ;;		None
  1359 ;; Auto vars:     Size  Location     Type
  1360 ;;		None
  1361 ;; Return value:  Size  Location     Type
  1362 ;;                  2    0[COMMON] int 
  1363 ;; Registers used:
  1364 ;;		wreg
  1365 ;; Tracked objects:
  1366 ;;		On entry : 0/0
  1367 ;;		On exit  : 0/0
  1368 ;;		Unchanged: 0/0
  1369 ;; Data sizes:     COMMON   BANK0   BANK1   BANK3   BANK2
  1370 ;;      Params:         2       0       0       0       0
  1371 ;;      Locals:         0       0       0       0       0
  1372 ;;      Temps:          2       0       0       0       0
  1373 ;;      Totals:         4       0       0       0       0
  1374 ;;Total ram usage:        4 bytes
  1375 ;; Hardware stack levels used: 1
  1376 ;; This function calls:
  1377 ;;		Nothing
  1378 ;; This function is called by:
  1379 ;;		_isr
  1380 ;; This function uses a non-reentrant model
  1381 ;;
  1382                           
  1383     018E                     _adc_read:	
  1384                           ;psect for function _adc_read
  1385                           
  1386     018E                     i1l959:	
  1387                           ;incstack = 0
  1388                           ; Regs used in _adc_read: [wreg]
  1389                           
  1390                           
  1391                           ;ADC.c: 22:     return ADRESH;
  1392     018E  1283               	bcf	3,5	;RP0=0, select bank0
  1393     018F  1303               	bcf	3,6	;RP1=0, select bank0
  1394     0190  081E               	movf	30,w	;volatile
  1395     0191  00F2               	movwf	??_adc_read
  1396     0192  01F3               	clrf	??_adc_read+1
  1397     0193  0872               	movf	??_adc_read,w
  1398     0194  00F0               	movwf	?_adc_read
  1399     0195  0873               	movf	??_adc_read+1,w
  1400     0196  00F1               	movwf	?_adc_read+1
  1401     0197                     i1l18:
  1402     0197  0008               	return
  1403     0198                     __end_of_adc_read:
  1404                           
  1405                           	psect	text7
  1406     0181                     __ptext7:	
  1407 ;; *************** function _adc_get_channel *****************
  1408 ;; Defined at:
  1409 ;;		line 40 in file "ADC.c"
  1410 ;; Parameters:    Size  Location     Type
  1411 ;;		None
  1412 ;; Auto vars:     Size  Location     Type
  1413 ;;		None
  1414 ;; Return value:  Size  Location     Type
  1415 ;;                  2    0[COMMON] int 
  1416 ;; Registers used:
  1417 ;;		wreg, status,2, status,0
  1418 ;; Tracked objects:
  1419 ;;		On entry : 0/0
  1420 ;;		On exit  : 0/0
  1421 ;;		Unchanged: 0/0
  1422 ;; Data sizes:     COMMON   BANK0   BANK1   BANK3   BANK2
  1423 ;;      Params:         2       0       0       0       0
  1424 ;;      Locals:         0       0       0       0       0
  1425 ;;      Temps:          3       0       0       0       0
  1426 ;;      Totals:         5       0       0       0       0
  1427 ;;Total ram usage:        5 bytes
  1428 ;; Hardware stack levels used: 1
  1429 ;; This function calls:
  1430 ;;		Nothing
  1431 ;; This function is called by:
  1432 ;;		_isr
  1433 ;; This function uses a non-reentrant model
  1434 ;;
  1435                           
  1436     0181                     _adc_get_channel:	
  1437                           ;psect for function _adc_get_channel
  1438                           
  1439     0181                     i1l975:	
  1440                           ;incstack = 0
  1441                           ; Regs used in _adc_get_channel: [wreg+status,2+status,0]
  1442                           
  1443                           
  1444                           ;ADC.c: 41:     return ADCON0bits.CHS;
  1445     0181  1283               	bcf	3,5	;RP0=0, select bank0
  1446     0182  1303               	bcf	3,6	;RP1=0, select bank0
  1447     0183  0C1F               	rrf	31,w	;volatile
  1448     0184  00F2               	movwf	??_adc_get_channel
  1449     0185  0C72               	rrf	??_adc_get_channel,w
  1450     0186  390F               	andlw	15
  1451     0187  00F3               	movwf	??_adc_get_channel+1
  1452     0188  01F4               	clrf	??_adc_get_channel+2
  1453     0189  0873               	movf	??_adc_get_channel+1,w
  1454     018A  00F0               	movwf	?_adc_get_channel
  1455     018B  0874               	movf	??_adc_get_channel+2,w
  1456     018C  00F1               	movwf	?_adc_get_channel+1
  1457     018D                     i1l28:
  1458     018D  0008               	return
  1459     018E                     __end_of_adc_get_channel:
  1460     007E                     btemp	set	126	;btemp
  1461     007E                     wtemp0	set	126
  1462                           
  1463                           	psect	idloc
  1464                           
  1465                           ;Config register IDLOC0 @ 0x2000
  1466                           ;	unspecified, using default values
  1467     2000                     	org	8192
  1468     2000  3FFF               	dw	16383
  1469                           
  1470                           ;Config register IDLOC1 @ 0x2001
  1471                           ;	unspecified, using default values
  1472     2001                     	org	8193
  1473     2001  3FFF               	dw	16383
  1474                           
  1475                           ;Config register IDLOC2 @ 0x2002
  1476                           ;	unspecified, using default values
  1477     2002                     	org	8194
  1478     2002  3FFF               	dw	16383
  1479                           
  1480                           ;Config register IDLOC3 @ 0x2003
  1481                           ;	unspecified, using default values
  1482     2003                     	org	8195
  1483     2003  3FFF               	dw	16383
  1484                           
  1485                           	psect	config
  1486                           
  1487                           ;Config register CONFIG1 @ 0x2007
  1488                           ;	Oscillator Selection bits
  1489                           ;	FOSC = INTRC_NOCLKOUT, INTOSCIO oscillator: I/O function on RA6/OSC2/CLKOUT pin, I/O f
      +                          unction on RA7/OSC1/CLKIN
  1490                           ;	Watchdog Timer Enable bit
  1491                           ;	WDTE = OFF, WDT disabled and can be enabled by SWDTEN bit of the WDTCON register
  1492                           ;	Power-up Timer Enable bit
  1493                           ;	PWRTE = OFF, PWRT disabled
  1494                           ;	RE3/MCLR pin function select bit
  1495                           ;	MCLRE = OFF, RE3/MCLR pin function is digital input, MCLR internally tied to VDD
  1496                           ;	Code Protection bit
  1497                           ;	CP = OFF, Program memory code protection is disabled
  1498                           ;	Data Code Protection bit
  1499                           ;	CPD = OFF, Data memory code protection is disabled
  1500                           ;	Brown Out Reset Selection bits
  1501                           ;	BOREN = OFF, BOR disabled
  1502                           ;	Internal External Switchover bit
  1503                           ;	IESO = OFF, Internal/External Switchover mode is disabled
  1504                           ;	Fail-Safe Clock Monitor Enabled bit
  1505                           ;	FCMEN = OFF, Fail-Safe Clock Monitor is disabled
  1506                           ;	Low Voltage Programming Enable bit
  1507                           ;	LVP = OFF, RB3 pin has digital I/O, HV on MCLR must be used for programming
  1508                           ;	In-Circuit Debugger Mode bit
  1509                           ;	DEBUG = 0x1, unprogramme  1510     2007                     	org	8199
  1511     2007  20D4               	dw	8404
  1512                           
  1513                           ;Config register CONFIG2 @ 0x2008
  1514                           ;	Brown-out Reset Selection bit
  1515                           ;	BOR4V = BOR40V, Brown-out Reset set to 4.0V
  1516                           ;	Flash Program Memory Self Write Enable bits
  1517                           ;	WRT = OFF, Write protection off
  1518     2008                     	org	8200
  1519     2008  3FFF               	dw	16383

Data Sizes:
    Strings     0
    Constant    0
    Data        4
    BSS         6
    Persistent  0
    Stack       0

Auto Spaces:
    Space          Size  Autos    Used
    COMMON           14      8      12
    BANK0            80      9      15
    BANK1            80      0       0
    BANK3            96      0       0
    BANK2            96      0       0

Pointer List with Targets:

    adc_change_channel@channel	PTR const int  size(1) Largest target is 4
		 -> channels(BANK0[4]), 


Critical Paths under _main in COMMON

    None.

Critical Paths under _isr in COMMON

    _isr->_adc_get_channel

Critical Paths under _main in BANK0

    _main->_adc_change_channel
    _setup->_adc_init

Critical Paths under _isr in BANK0

    None.

Critical Paths under _main in BANK1

    None.

Critical Paths under _isr in BANK1

    None.

Critical Paths under _main in BANK3

    None.

Critical Paths under _isr in BANK3

    None.

Critical Paths under _main in BANK2

    None.

Critical Paths under _isr in BANK2

    None.

Call Graph Tables:

 ---------------------------------------------------------------------------------
 (Depth) Function   	        Calls       Base Space   Used Autos Params    Refs
 ---------------------------------------------------------------------------------
 (0) _main                                                 3     3      0     273
                                              6 BANK0      3     3      0
                 _adc_change_channel
                              _setup
 ---------------------------------------------------------------------------------
 (1) _setup                                                0     0      0     120
                     _I2C_Slave_Init
                           _adc_init
 ---------------------------------------------------------------------------------
 (2) _adc_init                                             3     1      2      98
                                              0 BANK0      3     1      2
 ---------------------------------------------------------------------------------
 (2) _I2C_Slave_Init                                       1     1      0      22
                                              0 BANK0      1     1      0
 ---------------------------------------------------------------------------------
 (1) _adc_change_channel                                   6     4      2     153
                                              0 BANK0      6     4      2
 ---------------------------------------------------------------------------------
 Estimated maximum stack depth 2
 ---------------------------------------------------------------------------------
 (Depth) Function   	        Calls       Base Space   Used Autos Params    Refs
 ---------------------------------------------------------------------------------
 (3) _isr                                                  3     3      0       0
                                              5 COMMON     3     3      0
                    _adc_get_channel
                           _adc_read
 ---------------------------------------------------------------------------------
 (4) _adc_read                                             4     2      2       0
                                              0 COMMON     4     2      2
 ---------------------------------------------------------------------------------
 (4) _adc_get_channel                                      5     3      2       0
                                              0 COMMON     5     3      2
 ---------------------------------------------------------------------------------
 Estimated maximum stack depth 4
 ---------------------------------------------------------------------------------

 Call Graph Graphs:

 _main (ROOT)
   _adc_change_channel
   _setup
     _I2C_Slave_Init
     _adc_init

 _isr (ROOT)
   _adc_get_channel
   _adc_read

 Address spaces:
Name               Size   Autos  Total    Cost      Usage
BANK3               60      0       0       9        0.0%
BITBANK3            60      0       0       8        0.0%
SFR3                 0      0       0       4        0.0%
BITSFR3              0      0       0       4        0.0%
BANK2               60      0       0      11        0.0%
BITBANK2            60      0       0      10        0.0%
SFR2                 0      0       0       5        0.0%
BITSFR2              0      0       0       5        0.0%
BANK1               50      0       0       7        0.0%
BITBANK1            50      0       0       6        0.0%
SFR1                 0      0       0       2        0.0%
BITSFR1              0      0       0       2        0.0%
BANK0               50      9       F       5       18.8%
BITBANK0            50      0       0       4        0.0%
SFR0                 0      0       0       1        0.0%
BITSFR0              0      0       0       1        0.0%
COMMON               E      8       C       1       85.7%
BITCOMMON            E      0       0       0        0.0%
CODE                 0      0       0       0        0.0%
DATA                 0      0      1B      12        0.0%
ABS                  0      0      1B       3        0.0%
NULL                 0      0       0       0        0.0%
STACK                0      0       0       2        0.0%
EEDATA             100      0       0       0        0.0%


Microchip Technology PIC Macro Assembler V2.40 build 20220703182018 
Symbol Table                                                                                   Fri Aug 11 00:07:06 2023

                             _z 007B                     _SSPSTATbits 0094                              _BF 04A0  
                            l15 0142                              l25 00EB                              l83 0180  
                           l165 0164                             l931 0122                             l941 013E  
                           l933 0125                             l951 0178                             l943 013F  
                           l935 0131                             l953 0179                             l945 0168  
                           l937 0134                             l929 011C                             l971 00E1  
                           l963 00B2                             l955 017A                             l947 0176  
                           l939 013B                             l973 00E8                             l965 00B6  
                           l957 017D                             l949 0177                             l981 0147  
                           l967 00CA                             l991 0157                             l983 0148  
                           l969 00CE                             l993 0158                             l985 0152  
                           l995 0159                             l987 0155                             l979 0143  
                           _GIE 005F                             l997 015A                             l989 0156  
                           l999 015D                             u180 00B6                             u181 00B5  
                           u317 00F5                             u190 00CA                             u191 00C9  
                           u327 0106                             u337 0138                             u347 00E5  
                           u195 00C6                             _isr 0031                             fsr0 0004  
                           indf 0000                            l1001 015E                            l1051 00FB  
                          l1053 00FE                            l1045 00EC                            l1055 010C  
                          l1047 00F1                            l1049 00F8                            ?_isr 0070  
                          _PEIE 005E                            i1l18 0197                            i1l28 018D  
                          _dato 007A                            _main 00EC                            btemp 007E  
                          start 000C                           ??_isr 0075                           ?_main 0070  
                         _ANSEL 0188                           i1l142 0065                           i1l143 0055  
                         i1l154 00A8                           i1l146 0084                           i1l138 0087  
                         i1l148 007E                           i1l975 0181                           i1l959 018E  
                         u20_20 0037                           u20_21 0036                           u21_20 003C  
                         u21_21 003B                           u30_20 0096                           u22_20 0040  
                         u30_21 0095                           u22_21 003F                           u23_20 004B  
                         u23_21 004A                           u24_20 004F                           u24_21 004E  
                         u25_20 005B                           u25_21 005A                           u26_20 0069  
                         u26_21 0068                           u27_20 006D                           u27_21 006C  
                         _PORTB 0006                           _PORTD 0008                           u35_27 0061  
                         u28_20 0084                           u28_21 0083                           u36_27 007B  
                         u29_20 008B                           u29_21 008A                           _TRISB 0086  
                         _TRISD 0088                           _SSPIE 0463                           _SSPIF 0063  
                         _valor 0079                           _setup 0143                           pclath 000A  
                         status 0003                           wtemp0 007E                 __initialization 000F  
                  __end_of_main 011C                          ??_main 0026                          _ADRESH 001E  
                        ?_setup 0070                          _ANSELH 0189                __end_of_adc_init 0143  
              __end_of_adc_read 0198                          i1l1011 0042                          i1l1003 0031  
                        i1l1021 004F                          i1l1013 0043                          i1l1005 0037  
                        i1l1031 006D                          i1l1023 0053                          i1l1015 0044  
                        i1l1007 003C                          i1l1041 009E                          i1l1033 0071  
                        i1l1025 0054                          i1l1017 0045                          i1l1009 0040  
                        i1l1043 00A5                          i1l1035 0078                          i1l1027 005B  
                        i1l1019 004B                          i1l1037 008B                          i1l1029 0069  
                        i1l1039 0096                          _SSPADD 0093                          _TRISC3 043B  
                        _TRISC4 043C                          _SSPCON 0014                          _SSPBUF 0013  
     adc_change_channel@channel 0025                          _valor2 0078                          saved_w 007E  
       __end_of__initialization 002D                  __pcstackCOMMON 0070                    __pidataBANK0 0198  
                 __end_of_setup 0165        adc_change_channel@length 0020                         ??_setup 0023  
         I2C_Slave_Init@address 0020                      __pbssBANK0 002D                      __pmaintext 00EC  
                    __pintentry 0004                       ?_adc_init 0020                       ?_adc_read 0070  
                       _SSPCON2 0091                         _SSPSTAT 0094                      ??_adc_init 0022  
                    ??_adc_read 0072                         __ptext1 0143                         __ptext2 011C  
                       __ptext3 0165                         __ptext4 00AF                         __ptext5 0031  
                       __ptext6 018E                         __ptext7 0181            end_of_initialization 002D  
             ??_adc_get_channel 0072                  _I2C_Slave_Init 0165                       _TRISCbits 0087  
        __end_of_I2C_Slave_Init 0181      __end_of_adc_change_channel 00EC             start_initialization 000F  
                   __end_of_isr 00AF                 ?_I2C_Slave_Init 0070                     __pdataBANK0 0029  
               adc_init@channel 0020                     __pbssCOMMON 0078                       ___latbits 0002  
                 __pcstackBANK0 0020                 _adc_get_channel 0181               interrupt_function 0004  
                      _PIE1bits 008C                        _PIR1bits 000C                      _ADCON0bits 001F  
                    _ADCON1bits 009F  adc_change_channel@temp_channel 002D         __end_of_adc_get_channel 018E  
                      _adc_init 011C                        _adc_read 018E                        _channels 0029  
              ??_I2C_Slave_Init 0020              _adc_change_channel 00AF             ?_adc_change_channel 0020  
          ??_adc_change_channel 0022                        intlevel1 0000                      _OSCCONbits 008F  
              ?_adc_get_channel 0070                     _SSPCON2bits 0091                      _SSPCONbits 0014  
